<?xml version="1.0" encoding="UTF-8"?>
<!-- Generated by org.testng.reporters.JUnitReportReporter -->
<testsuite hostname="DESKTOP-KIT9RVP" failures="0" tests="2" name="tests.LoginTestCase" time="38.550" errors="0" timestamp="2021-01-28T19:23:34 IST" skipped="0">
  <testcase classname="tests.LoginTestCase" name="test" time="19.993"/>
  <system-out/>
  <testcase classname="tests.LoginTestCase" name="test" time="18.557"/>
  <system-out/>
</testsuite> <!-- tests.LoginTestCase -->
